<?xml version="1.0" encoding="UTF-8"?>
<!-- Generated by org.testng.reporters.JUnitReportReporter -->
<testsuite skipped="0" hostname="DESKTOP-KSVSNBP" name="com.actitime.test.CreateCustomer" tests="1" failures="0" timestamp="10 Sep 2020 17:35:31 GMT" time="32.773" errors="0">
  <testcase name="testcreatecustomer" time="32.773" classname="com.actitime.test.CreateCustomer"/>
</testsuite> <!-- com.actitime.test.CreateCustomer -->
